<?xml version="1.0" encoding="UTF-8"?>
<!-- Generated by org.testng.reporters.JUnitReportReporter -->
<testsuite hostname="DESKTOP-BLF6MA1" failures="0" tests="6" name="testCases.TC003_LoginDDT" time="85.123" errors="0" timestamp="2025-08-01T22:01:19 IST" skipped="0">
  <testcase classname="testCases.TC003_LoginDDT" name="verify_loginDDT" time="9.748"/>
  <testcase classname="testCases.TC003_LoginDDT" name="verify_loginDDT" time="16.668"/>
  <testcase classname="testCases.TC003_LoginDDT" name="verify_loginDDT" time="8.510"/>
  <testcase classname="testCases.TC003_LoginDDT" name="verify_loginDDT" time="16.161"/>
  <testcase classname="testCases.TC003_LoginDDT" name="verify_loginDDT" time="18.419"/>
  <testcase classname="testCases.TC003_LoginDDT" name="verify_loginDDT" time="15.617"/>
</testsuite> <!-- testCases.TC003_LoginDDT -->
