<?xml version="1.0" encoding="UTF-8"?>
<!-- Generated by org.testng.reporters.JUnitReportReporter -->
<testsuite hostname="DESKTOP-BLF6MA1" failures="0" tests="1" name="testCases.TC002_LoginTest" time="4.259" errors="0" timestamp="2025-08-03T10:21:51 IST" skipped="0">
  <testcase classname="testCases.TC002_LoginTest" name="verify_login" time="4.259"/>
</testsuite> <!-- testCases.TC002_LoginTest -->
