<?xml version="1.0" encoding="UTF-8"?>
<!-- Generated by org.testng.reporters.JUnitReportReporter -->
<testsuite hostname="DESKTOP-BLF6MA1" failures="0" tests="1" name="testCases.TC001_AccountRegistrationTest" time="6.718" errors="0" timestamp="2025-08-03T10:21:51 IST" skipped="0">
  <testcase classname="testCases.TC001_AccountRegistrationTest" name="verify_account_registration" time="6.718"/>
</testsuite> <!-- testCases.TC001_AccountRegistrationTest -->
