<?xml version="1.0" encoding="UTF-8"?>
<!-- Generated by org.testng.reporters.JUnitReportReporter -->
<testsuite hostname="DESKTOP-BLF6MA1" failures="0" tests="1" name="testCases.TC002_LoginTest" time="2.843" errors="0" timestamp="2025-08-03T12:56:04 IST" skipped="0">
  <testcase classname="testCases.TC002_LoginTest" name="verify_login" time="2.843"/>
</testsuite> <!-- testCases.TC002_LoginTest -->
